1.000000000000000056e-01 5.555555555555555768e-03 6.203016945423658196e-03
1.000000000000000056e-01 5.000000000000000104e-03 8.391992664385760844e-03
1.000000000000000056e-01 4.545454545454546101e-03 8.928786321347212049e-03
1.000000000000000056e-01 4.166666666666666609e-03 7.333535967252116476e-03
1.000000000000000056e-01 3.571428571428571751e-03 5.719395754466834875e-03
1.000000000000000056e-01 3.333333333333333547e-03 5.036643233082388829e-03
1.000000000000000056e-01 2.941176470588235253e-03 3.925309238633090808e-03
1.000000000000000056e-01 2.777777777777777884e-03 3.489001757494515285e-03
1.000000000000000056e-01 2.500000000000000052e-03 2.871754331642698346e-03
1.000000000000000056e-01 2.272727272727273051e-03 2.667438747087286406e-03
1.000000000000000056e-01 2.000000000000000042e-03 3.443312213303735374e-03
1.000000000000000056e-01 1.851851851851851923e-03 4.945234819074694962e-03
1.000000000000000056e-01 1.666666666666666774e-03 9.164030339529925101e-03
1.000000000000000056e-01 1.515151515151515150e-03 1.629256988915742457e-02
1.000000000000000056e-01 1.388888888888888942e-03 2.684086120267230660e-02
1.000000000000000056e-01 1.250000000000000026e-03 4.681569554265471028e-02
1.000000000000000056e-01 1.136363636363636525e-03 7.388905744617314808e-02
1.000000000000000056e-01 1.041666666666666652e-03 1.080367545667193646e-01
1.000000000000000056e-01 9.433962264150943470e-04 1.601265127779066544e-01
1.000000000000000056e-01 8.474576271186441516e-04 2.349330686881354324e-01
1.000000000000000056e-01 7.692307692307692301e-04 3.209585616135647301e-01
1.000000000000000056e-01 7.042253521126760939e-04 4.158332466122691695e-01
1.000000000000000056e-01 6.410256410256410251e-04 5.348064543083040911e-01
1.000000000000000056e-01 5.813953488372092943e-04 6.781276025453824019e-01
1.000000000000000056e-01 5.319148936170212854e-04 8.259810607698366836e-01
1.000000000000000056e-01 4.807692307692307959e-04 1.013320315443437591e+00
1.000000000000000056e-01 4.385964912280701836e-04 1.200333129716399938e+00
1.000000000000000056e-01 4.000000000000000192e-04 1.403173664842353174e+00
1.000000000000000056e-01 3.623188405797101493e-04 1.637009813946133541e+00
1.000000000000000056e-01 3.289473684210526242e-04 1.880526124777015973e+00
1.000000000000000056e-01 2.994011976047904157e-04 2.131581389537578808e+00
1.000000000000000056e-01 2.732240437158469943e-04 2.388564000833324208e+00
1.000000000000000056e-01 2.487562189054726754e-04 2.665356284690958866e+00
1.000000000000000056e-01 2.262443438914027243e-04 2.959154232769449777e+00
1.000000000000000056e-01 2.057613168724280065e-04 3.267561064196566445e+00
1.000000000000000056e-01 1.872659176029962621e-04 3.588557385199369953e+00
1.000000000000000056e-01 1.700680272108843691e-04 3.932909534983849209e+00
1.000000000000000056e-01 1.547987616099071300e-04 4.285590282415220997e+00
1.000000000000000056e-01 1.408450704225352188e-04 4.656838409034523174e+00
1.000000000000000056e-01 1.282051282051282050e-04 5.044200495091269332e+00
1.000000000000000056e-01 1.168224299065420609e-04 5.445556978332153797e+00
1.000000000000000056e-01 1.063829787234042679e-04 5.868941574507519299e+00
1.000000000000000056e-01 9.671179883945842538e-05 6.320867054187142564e+00
1.000000000000000056e-01 8.802816901408451174e-05 6.788579801505326472e+00
1.000000000000000056e-01 8.012820512820512814e-05 7.278554216143218625e+00
1.000000000000000056e-01 7.288629737609329329e-05 7.796019516697445972e+00
1.000000000000000056e-01 6.640106241699866992e-05 8.329557954882426785e+00
1.000000000000000056e-01 6.038647342995169607e-05 8.899356414223710487e+00
1.000000000000000056e-01 5.500550055005501069e-05 9.486449759059931708e+00
1.000000000000000056e-01 5.005005005005005233e-05 1.010886240352529342e+01
