1.111111111111111049e-01 5.000000000000000104e-04 9.256235557446966800e-01
1.000000000000000056e-01 5.000000000000000104e-04 6.901431220984088899e-01
9.090909090909091161e-02 5.000000000000000104e-04 4.715517761139284003e-01
8.333333333333332871e-02 5.000000000000000104e-04 3.209628541694270476e-01
7.142857142857142461e-02 5.000000000000000104e-04 1.269800438790348318e-01
6.666666666666666574e-02 5.000000000000000104e-04 7.024763110403450805e-02
5.882352941176470507e-02 5.000000000000000104e-04 2.000508166478107835e-02
5.555555555555555247e-02 5.000000000000000104e-04 1.353727102670011957e-02
5.000000000000000278e-02 5.000000000000000104e-04 4.479242334657657955e-03
4.545454545454545581e-02 5.000000000000000104e-04 2.066331951701095345e-03
4.000000000000000083e-02 5.000000000000000104e-04 1.216011806300276461e-03
3.703703703703703498e-02 5.000000000000000104e-04 1.115814873725542566e-03
3.333333333333333287e-02 5.000000000000000104e-04 9.619881114666502470e-04
3.030303030303030387e-02 5.000000000000000104e-04 8.375992144269453444e-04
2.777777777777777624e-02 5.000000000000000104e-04 7.385333799212603434e-04
2.500000000000000139e-02 5.000000000000000104e-04 6.345247685278296171e-04
2.272727272727272790e-02 5.000000000000000104e-04 5.535603641369768978e-04
2.083333333333333218e-02 5.000000000000000104e-04 4.891204520320576246e-04
1.886792452830188607e-02 5.000000000000000104e-04 4.253475614815637905e-04
1.694915254237288130e-02 5.000000000000000104e-04 3.663341482984668290e-04
1.538461538461538547e-02 5.000000000000000104e-04 3.207536358208416794e-04
1.408450704225352144e-02 5.000000000000000104e-04 2.847292623498834125e-04
1.282051282051282007e-02 5.000000000000000104e-04 2.514240998538227849e-04
1.162790697674418589e-02 5.000000000000000104e-04 2.216593845168969470e-04
1.063829787234042527e-02 5.000000000000000104e-04 1.982712135970391440e-04
9.615384615384615918e-03 5.000000000000000104e-04 1.754402519466557997e-04
8.771929824561403022e-03 5.000000000000000104e-04 1.577236290544986434e-04
8.000000000000000167e-03 5.000000000000000104e-04 1.424620589206159100e-04
7.246376811594202987e-03 5.000000000000000104e-04 1.285191741938804374e-04
6.578947368421052266e-03 5.000000000000000104e-04 1.170370517194270786e-04
5.988023952095808747e-03 5.000000000000000104e-04 1.076217561416922065e-04
5.464480874316939886e-03 5.000000000000000104e-04 9.993418581627584100e-05
4.975124378109452641e-03 5.000000000000000104e-04 9.336972242564463547e-05
4.524886877828054703e-03 5.000000000000000104e-04 8.792743259719190110e-05
4.115226337448560021e-03 5.000000000000000104e-04 8.354186915678414756e-05
3.745318352059925134e-03 5.000000000000000104e-04 8.011426005006656262e-05
3.401360544217686948e-03 5.000000000000000104e-04 7.745281285883407895e-05
3.095975232198142600e-03 5.000000000000000104e-04 7.558636316998569300e-05
2.816901408450704376e-03 5.000000000000000104e-04 7.436260374103300134e-05
2.564102564102564100e-03 5.000000000000000104e-04 7.372590587267160999e-05
2.336448598130840947e-03 5.000000000000000104e-04 7.361168231418842279e-05
2.127659574468085141e-03 5.000000000000000104e-04 7.396744243329389100e-05
1.934235976789168291e-03 5.000000000000000104e-04 7.477379760019797566e-05
1.760563380281690181e-03 5.000000000000000104e-04 7.597474890305843808e-05
1.602564102564102509e-03 5.000000000000000104e-04 7.754849844851211687e-05
1.457725947521865866e-03 5.000000000000000104e-04 7.948761515215974039e-05
1.328021248339973344e-03 5.000000000000000104e-04 8.172259846224043172e-05
1.207729468599033759e-03 5.000000000000000104e-04 8.431814922220978552e-05
1.100110011001100051e-03 5.000000000000000104e-04 8.717080356131592413e-05
1.001001001001000992e-03 5.000000000000000104e-04 9.035115528566948486e-05
