1.000000000000000021e-02 5.555555555555555768e-03 2.023485500536430660e-03
1.000000000000000021e-02 5.000000000000000104e-03 1.777319867242790679e-03
1.000000000000000021e-02 4.545454545454546101e-03 1.577870602995545086e-03
1.000000000000000021e-02 4.166666666666666609e-03 1.410477924467942778e-03
1.000000000000000021e-02 3.571428571428571751e-03 1.150368831069630785e-03
1.000000000000000021e-02 3.333333333333333547e-03 1.048804635546543530e-03
1.000000000000000021e-02 2.941176470588235253e-03 8.864589893810552890e-04
1.000000000000000021e-02 2.777777777777777884e-03 8.211603388935097498e-04
1.000000000000000021e-02 2.500000000000000052e-03 7.140693806928632027e-04
1.000000000000000021e-02 2.272727272727273051e-03 6.307264189987276054e-04
1.000000000000000021e-02 2.000000000000000042e-03 5.366660840405989034e-04
1.000000000000000021e-02 1.851851851851851923e-03 4.886389257778559663e-04
1.000000000000000021e-02 1.666666666666666774e-03 4.319743821748252689e-04
1.000000000000000021e-02 1.515151515151515150e-03 3.886246642842961473e-04
1.000000000000000021e-02 1.388888888888888942e-03 3.547242442698924541e-04
1.000000000000000021e-02 1.250000000000000026e-03 3.199182762141787898e-04
1.000000000000000021e-02 1.136363636363636525e-03 2.934846183473947693e-04
1.000000000000000021e-02 1.041666666666666652e-03 2.729312636928110962e-04
1.000000000000000021e-02 9.433962264150943470e-04 2.530799019704070758e-04
1.000000000000000021e-02 8.474576271186441516e-04 2.352080478257521901e-04
1.000000000000000021e-02 7.692307692307692301e-04 2.217783311353019077e-04
1.000000000000000021e-02 7.042253521126760939e-04 2.114235144946933749e-04
1.000000000000000021e-02 6.410256410256410251e-04 2.020753214502171312e-04
1.000000000000000021e-02 5.813953488372092943e-04 1.939203352841303613e-04
1.000000000000000021e-02 5.319148936170212854e-04 1.876542301421117373e-04
1.000000000000000021e-02 4.807692307692307959e-04 1.816639967979765834e-04
1.000000000000000021e-02 4.385964912280701836e-04 1.771033191329844311e-04
1.000000000000000021e-02 4.000000000000000192e-04 1.732340555304341483e-04
1.000000000000000021e-02 3.623188405797101493e-04 1.697414089536620585e-04
1.000000000000000021e-02 3.289473684210526242e-04 1.668862597194542097e-04
1.000000000000000021e-02 2.994011976047904157e-04 1.645472075267861425e-04
1.000000000000000021e-02 2.732240437158469943e-04 1.626245629446456721e-04
1.000000000000000021e-02 2.487562189054726754e-04 1.609558128982000672e-04
1.000000000000000021e-02 2.262443438914027243e-04 1.595309288719979669e-04
1.000000000000000021e-02 2.057613168724280065e-04 1.583271561499300804e-04
1.000000000000000021e-02 1.872659176029962621e-04 1.573166099146002797e-04
1.000000000000000021e-02 1.700680272108843691e-04 1.564424397818118422e-04
1.000000000000000021e-02 1.547987616099071300e-04 1.557194909472284998e-04
1.000000000000000021e-02 1.408450704225352188e-04 1.551028088603764168e-04
1.000000000000000021e-02 1.282051282051282050e-04 1.545806129368163743e-04
1.000000000000000021e-02 1.168224299065420609e-04 1.541401153312414219e-04
1.000000000000000021e-02 1.063829787234042679e-04 1.537610094732388510e-04
1.000000000000000021e-02 9.671179883945842538e-05 1.534311247339809991e-04
1.000000000000000021e-02 8.802816901408451174e-05 1.531524561992422145e-04
1.000000000000000021e-02 8.012820512820512814e-05 1.529133885167557319e-04
1.000000000000000021e-02 7.288629737609329329e-05 1.527063659697172160e-04
1.000000000000000021e-02 6.640106241699866992e-05 1.525309019789677304e-04
1.000000000000000021e-02 6.038647342995169607e-05 1.523771030834132059e-04
1.000000000000000021e-02 5.500550055005501069e-05 1.522509155543483870e-04
1.000000000000000021e-02 5.005005005005005233e-05 1.521710679425328835e-04
