1.000000000000000021e-02 5.555555555555555768e-03 1.289849453825153648e-04
1.000000000000000021e-02 5.000000000000000104e-03 1.134364422716971327e-04
1.000000000000000021e-02 4.545454545454546101e-03 9.565687471270178661e-05
1.000000000000000021e-02 4.166666666666666609e-03 7.947434892541238582e-05
1.000000000000000021e-02 3.571428571428571751e-03 5.529129270103183829e-05
1.000000000000000021e-02 3.333333333333333547e-03 4.639663250614045473e-05
1.000000000000000021e-02 2.941176470588235253e-03 3.288336313578277270e-05
1.000000000000000021e-02 2.777777777777777884e-03 2.769485011562267186e-05
1.000000000000000021e-02 2.500000000000000052e-03 1.948556993471850654e-05
1.000000000000000021e-02 2.272727272727273051e-03 1.335248686663570507e-05
1.000000000000000021e-02 2.000000000000000042e-03 6.698974993113449017e-06
1.000000000000000021e-02 1.851851851851851923e-03 3.412515054546094548e-06
1.000000000000000021e-02 1.666666666666666774e-03 3.666891280396100895e-07
1.000000000000000021e-02 1.515151515151515150e-03 3.184154676361128536e-06
1.000000000000000021e-02 1.388888888888888942e-03 5.341436897143836065e-06
1.000000000000000021e-02 1.250000000000000026e-03 7.512629747952193241e-06
1.000000000000000021e-02 1.136363636363636525e-03 9.130633322884662223e-06
1.000000000000000021e-02 1.041666666666666652e-03 1.036932687692448951e-05
1.000000000000000021e-02 9.433962264150943470e-04 1.154877137851117974e-05
1.000000000000000021e-02 8.474576271186441516e-04 1.259553420068781904e-05
1.000000000000000021e-02 7.692307692307692301e-04 1.337211781679004085e-05
1.000000000000000021e-02 7.042253521126760939e-04 1.396465047929229575e-05
1.000000000000000021e-02 6.410256410256410251e-04 1.449461600724344514e-05
1.000000000000000021e-02 5.813953488372092943e-04 1.495283408812220250e-05
1.000000000000000021e-02 5.319148936170212854e-04 1.530214487793779554e-05
1.000000000000000021e-02 4.807692307692307959e-04 1.563366521185605219e-05
1.000000000000000021e-02 4.385964912280701836e-04 1.588437604072012732e-05
1.000000000000000021e-02 4.000000000000000192e-04 1.609584873308866971e-05
1.000000000000000021e-02 3.623188405797101493e-04 1.628569865771423289e-05
1.000000000000000021e-02 3.289473684210526242e-04 1.644010888330882448e-05
1.000000000000000021e-02 2.994011976047904157e-04 1.656604265759531458e-05
1.000000000000000021e-02 2.732240437158469943e-04 1.666914735654057012e-05
1.000000000000000021e-02 2.487562189054726754e-04 1.675831599976529621e-05
1.000000000000000021e-02 2.262443438914027243e-04 1.683420152780446260e-05
1.000000000000000021e-02 2.057613168724280065e-04 1.689811674643326711e-05
1.000000000000000021e-02 1.872659176029962621e-04 1.695162633208457947e-05
1.000000000000000021e-02 1.700680272108843691e-04 1.699779896491282472e-05
1.000000000000000021e-02 1.547987616099071300e-04 1.703589704545871577e-05
1.000000000000000021e-02 1.408450704225352188e-04 1.706832997515617055e-05
1.000000000000000021e-02 1.282051282051282050e-04 1.709574199143526485e-05
1.000000000000000021e-02 1.168224299065420609e-04 1.711882988684187843e-05
1.000000000000000021e-02 1.063829787234042679e-04 1.713866735182367830e-05
1.000000000000000021e-02 9.671179883945842538e-05 1.715590703218472648e-05
1.000000000000000021e-02 8.802816901408451174e-05 1.717045132491046153e-05
1.000000000000000021e-02 8.012820512820512814e-05 1.718291408939753715e-05
1.000000000000000021e-02 7.288629737609329329e-05 1.719369166415241136e-05
1.000000000000000021e-02 6.640106241699866992e-05 1.720274741940919295e-05
1.000000000000000021e-02 6.038647342995169607e-05 1.720996813068253892e-05
1.000000000000000021e-02 5.500550055005501069e-05 1.721021734106820066e-05
1.000000000000000021e-02 5.005005005005005233e-05 1.717084152017544916e-05
