1.111111111111111049e-01 2.083333333333333304e-03 7.478428083123406234e-03
1.000000000000000056e-01 1.724137931034482952e-03 6.216760946128819382e-03
9.090909090909091161e-02 1.388888888888888942e-03 7.856857173827292914e-03
8.333333333333332871e-02 1.162790697674418589e-03 8.071826181549262430e-03
7.142857142857142461e-02 8.620689655172414758e-04 7.964821617264769213e-03
6.666666666666666574e-02 7.462686567164179179e-04 8.596980058230636185e-03
5.882352941176470507e-02 5.813953488372092943e-04 8.948289676603901274e-03
5.555555555555555247e-02 5.154639175257732077e-04 9.467939459079871209e-03
5.000000000000000278e-02 4.201680672268907814e-04 9.472971072290571268e-03
4.545454545454545581e-02 3.448275862068965795e-04 1.033584267263414937e-02
4.000000000000000083e-02 2.673796791443850329e-04 1.084951030754173311e-02
3.703703703703703498e-02 2.293577981651376274e-04 1.118928568450284870e-02
3.333333333333333287e-02 1.851851851851852031e-04 1.198047899585152377e-02
3.030303030303030387e-02 1.533742331288343648e-04 1.235193244751842806e-02
2.777777777777777624e-02 1.288659793814433019e-04 1.286890077032562356e-02
2.500000000000000139e-02 1.043841336116910288e-04 1.352745803901834673e-02
2.272727272727272790e-02 8.620689655172414487e-05 1.422665855351846684e-02
2.083333333333333218e-02 7.235890014471779762e-05 1.494436034542855930e-02
1.886792452830188607e-02 5.938242280285035621e-05 1.562664427332768197e-02
1.694915254237288130e-02 4.789272030651341156e-05 1.652555049912414475e-02
1.538461538461538547e-02 3.946329913180742307e-05 1.731734994751468748e-02
1.408450704225352144e-02 3.306878306878307101e-05 1.810963505395980777e-02
1.282051282051282007e-02 2.739726027397260350e-05 1.898053031009240554e-02
1.162790697674418589e-02 2.254283137962128001e-05 1.988671523402731067e-02
1.063829787234042527e-02 1.886792452830188789e-05 2.079086606202389109e-02
9.615384615384615918e-03 1.541307028360049274e-05 2.186856586094671623e-02
8.771929824561403022e-03 1.282709081580297687e-05 2.289560915903711413e-02
8.000000000000000167e-03 1.066780456582035405e-05 2.398475721947668574e-02
7.246376811594202987e-03 8.751969193068441714e-06 2.520770461752764105e-02
6.578947368421052266e-03 7.213966238638003443e-06 2.645211259630676423e-02
5.988023952095808747e-03 5.976571838393497836e-06 2.771289333485187079e-02
5.464480874316939886e-03 4.977105315548477625e-06 2.900960187423978071e-02
4.975124378109452641e-03 4.125412541254125971e-06 3.040900552704835572e-02
4.524886877828054703e-03 3.412503412503412890e-06 3.188443747853830085e-02
4.115226337448560021e-03 2.822626171389861364e-06 3.342746205990387853e-02
3.745318352059925134e-03 2.337978116524829367e-06 3.503904918899006238e-02
3.401360544217686948e-03 1.928268414963362982e-06 3.676683662371985073e-02
3.095975232198142600e-03 1.597546169084286589e-06 3.853829241278661916e-02
2.816901408450704376e-03 1.322506414156108824e-06 4.040345131246929344e-02
2.564102564102564100e-03 1.095770326539557330e-06 4.235099633945369618e-02
2.336448598130840947e-03 9.098353198071149974e-07 4.436433776159708769e-02
2.127659574468085141e-03 7.544892108042854919e-07 4.649048606597944167e-02
1.934235976789168291e-03 6.235502456787968354e-07 4.875613601580275347e-02
