1.111111111111111049e-01 5.000000000000000104e-04 1.302754122173780393e+00
1.000000000000000056e-01 5.000000000000000104e-04 9.342879295748633961e-01
9.090909090909091161e-02 5.000000000000000104e-04 6.516874444349769480e-01
8.333333333333332871e-02 5.000000000000000104e-04 4.219312467944599243e-01
7.142857142857142461e-02 5.000000000000000104e-04 1.601196716412011389e-01
6.666666666666666574e-02 5.000000000000000104e-04 9.852410876670344986e-02
5.882352941176470507e-02 5.000000000000000104e-04 3.115004686099050527e-02
5.555555555555555247e-02 5.000000000000000104e-04 1.225933363501668753e-02
5.000000000000000278e-02 5.000000000000000104e-04 1.367752170916827206e-03
4.545454545454545581e-02 5.000000000000000104e-04 1.132218427988666148e-03
4.000000000000000083e-02 5.000000000000000104e-04 1.592191730831649067e-03
3.703703703703703498e-02 5.000000000000000104e-04 1.421203951551235599e-03
3.333333333333333287e-02 5.000000000000000104e-04 1.262566171302010242e-03
3.030303030303030387e-02 5.000000000000000104e-04 1.147692152369357219e-03
2.777777777777777624e-02 5.000000000000000104e-04 1.057802235111537925e-03
2.500000000000000139e-02 5.000000000000000104e-04 9.646125403218491117e-04
2.272727272727272790e-02 5.000000000000000104e-04 8.922721100421566456e-04
2.083333333333333218e-02 5.000000000000000104e-04 8.342949950977927593e-04
1.886792452830188607e-02 5.000000000000000104e-04 7.759726883699626923e-04
1.694915254237288130e-02 5.000000000000000104e-04 7.204370790972094551e-04
1.538461538461538547e-02 5.000000000000000104e-04 6.758461633622526738e-04
1.408450704225352144e-02 5.000000000000000104e-04 6.390245327929582704e-04
1.282051282051282007e-02 5.000000000000000104e-04 6.032108831656304371e-04
1.162790697674418589e-02 5.000000000000000104e-04 5.691904931732965972e-04
1.063829787234042527e-02 5.000000000000000104e-04 5.406148715757292571e-04
9.615384615384615918e-03 5.000000000000000104e-04 5.105556971897042906e-04
8.771929824561403022e-03 5.000000000000000104e-04 4.852099437903217285e-04
8.000000000000000167e-03 5.000000000000000104e-04 4.614246328443754740e-04
7.246376811594202987e-03 5.000000000000000104e-04 4.375109527732614950e-04
6.578947368421052266e-03 5.000000000000000104e-04 4.156189858770830184e-04
5.988023952095808747e-03 5.000000000000000104e-04 3.955493969039533650e-04
5.464480874316939886e-03 5.000000000000000104e-04 3.771178858143274895e-04
4.975124378109452641e-03 5.000000000000000104e-04 3.592309289605872613e-04
4.524886877828054703e-03 5.000000000000000104e-04 3.421075807558610678e-04
4.115226337448560021e-03 5.000000000000000104e-04 3.258725932349033124e-04
3.745318352059925134e-03 5.000000000000000104e-04 3.105830148553674424e-04
3.401360544217686948e-03 5.000000000000000104e-04 2.957374115191742782e-04
3.095975232198142600e-03 5.000000000000000104e-04 2.819637028004488431e-04
2.816901408450704376e-03 5.000000000000000104e-04 2.688083473747605130e-04
2.564102564102564100e-03 5.000000000000000104e-04 2.563472600432526957e-04
2.336448598130840947e-03 5.000000000000000104e-04 2.446123443425424443e-04
2.127659574468085141e-03 5.000000000000000104e-04 2.333549120570847118e-04
1.934235976789168291e-03 5.000000000000000104e-04 2.224371402184591293e-04
1.760563380281690181e-03 5.000000000000000104e-04 2.121709292197073880e-04
1.602564102564102509e-03 5.000000000000000104e-04 2.023909500097810120e-04
1.457725947521865866e-03 5.000000000000000104e-04 1.930000301748546960e-04
1.328021248339973344e-03 5.000000000000000104e-04 1.841915390152825749e-04
1.207729468599033759e-03 5.000000000000000104e-04 1.756338258802388349e-04
1.100110011001100051e-03 5.000000000000000104e-04 1.676120841000089466e-04
1.001001001001000992e-03 5.000000000000000104e-04 1.598726379176681827e-04
