1.111111111111111049e-01 5.000000000000000104e-04 1.301832275513156612e+00
1.000000000000000056e-01 5.000000000000000104e-04 9.362603626716818894e-01
9.090909090909091161e-02 5.000000000000000104e-04 6.505065172835718945e-01
8.333333333333332871e-02 5.000000000000000104e-04 4.235276358788438444e-01
7.142857142857142461e-02 5.000000000000000104e-04 1.615063697265543552e-01
6.666666666666666574e-02 5.000000000000000104e-04 9.727471353368234708e-02
5.882352941176470507e-02 5.000000000000000104e-04 2.994805800987009048e-02
5.555555555555555247e-02 5.000000000000000104e-04 1.344346490674451326e-02
5.000000000000000278e-02 5.000000000000000104e-04 2.490508841766226385e-03
4.545454545454545581e-02 5.000000000000000104e-04 6.056292112423163212e-05
4.000000000000000083e-02 5.000000000000000104e-04 5.851741511276209885e-04
3.703703703703703498e-02 5.000000000000000104e-04 4.513061393254796526e-04
3.333333333333333287e-02 5.000000000000000104e-04 3.414948040362718274e-04
3.030303030303030387e-02 5.000000000000000104e-04 2.688283229050490893e-04
2.777777777777777624e-02 5.000000000000000104e-04 2.158808321029622172e-04
2.500000000000000139e-02 5.000000000000000104e-04 1.654509273744087482e-04
2.272727272727272790e-02 5.000000000000000104e-04 1.299900530092247704e-04
2.083333333333333218e-02 5.000000000000000104e-04 1.042400954199839850e-04
1.886792452830188607e-02 5.000000000000000104e-04 8.100538864794337821e-05
1.694915254237288130e-02 5.000000000000000104e-04 6.158657159252734100e-05
1.538461538461538547e-02 5.000000000000000104e-04 4.802306127180615514e-05
1.408450704225352144e-02 5.000000000000000104e-04 3.822992835957775921e-05
1.282051282051282007e-02 5.000000000000000104e-04 2.993705633586708111e-05
1.162790697674418589e-02 5.000000000000000104e-04 2.317297522289696215e-05
1.063829787234042527e-02 5.000000000000000104e-04 1.830663863881444670e-05
9.615384615384615918e-03 5.000000000000000104e-04 1.395538679451529884e-05
8.771929824561403022e-03 5.000000000000000104e-04 1.086333782253336395e-05
8.000000000000000167e-03 5.000000000000000104e-04 8.408462011350846543e-06
7.246376811594202987e-03 5.000000000000000104e-04 6.342141708742459861e-06
6.578947368421052266e-03 5.000000000000000104e-04 4.772412075274238888e-06
5.988023952095808747e-03 5.000000000000000104e-04 3.577480022392567799e-06
5.464480874316939886e-03 5.000000000000000104e-04 2.665060705281624670e-06
4.975124378109452641e-03 5.000000000000000104e-04 1.931198386257288061e-06
4.524886877828054703e-03 5.000000000000000104e-04 1.353292048436461871e-06
4.115226337448560021e-03 5.000000000000000104e-04 9.051085678408509562e-07
3.745318352059925134e-03 5.000000000000000104e-04 5.613837492700951517e-07
3.401360544217686948e-03 5.000000000000000104e-04 2.916023680620139334e-07
3.095975232198142600e-03 5.000000000000000104e-04 9.077298321548539964e-08
2.816901408450704376e-03 5.000000000000000104e-04 6.210983820373020373e-08
2.564102564102564100e-03 5.000000000000000104e-04 1.761814914164203117e-07
2.336448598130840947e-03 5.000000000000000104e-04 2.597261040781593424e-07
2.127659574468085141e-03 5.000000000000000104e-04 3.208440463610815881e-07
1.934235976789168291e-03 5.000000000000000104e-04 3.645752888882770524e-07
1.760563380281690181e-03 5.000000000000000104e-04 3.935426693908207993e-07
1.602564102564102509e-03 5.000000000000000104e-04 4.115807917516800604e-07
1.457725947521865866e-03 5.000000000000000104e-04 4.212902170646188487e-07
1.328021248339973344e-03 5.000000000000000104e-04 4.244590617775324237e-07
1.207729468599033759e-03 5.000000000000000104e-04 4.227984748630886924e-07
1.100110011001100051e-03 5.000000000000000104e-04 4.175029712862888813e-07
1.001001001001000992e-03 5.000000000000000104e-04 4.095616104666190551e-07
