1.111111111111111049e-01 5.000000000000000240e-05 2.293521393342131010e+00
1.000000000000000056e-01 5.000000000000000240e-05 7.262208051575249179e+00
9.090909090909091161e-02 5.000000000000000240e-05 2.543155097379469876e+00
8.333333333333332871e-02 5.000000000000000240e-05 6.197443844701631122e+00
7.692307692307692735e-02 5.000000000000000240e-05 2.760077905954264388e+00
7.142857142857142461e-02 5.000000000000000240e-05 5.332317288856054383e+00
6.666666666666666574e-02 5.000000000000000240e-05 2.918354050528925825e+00
6.250000000000000000e-02 5.000000000000000240e-05 4.606112445455206483e+00
5.555555555555555247e-02 5.000000000000000240e-05 3.981340311962037415e+00
5.263157894736841813e-02 5.000000000000000240e-05 2.916590774753681004e+00
4.761904761904761640e-02 5.000000000000000240e-05 2.744441811908660434e+00
4.347826086956521618e-02 5.000000000000000240e-05 2.491129279661547624e+00
4.000000000000000083e-02 5.000000000000000240e-05 2.191793243514255085e+00
3.703703703703703498e-02 5.000000000000000240e-05 1.877242786300195254e+00
3.448275862068965469e-02 5.000000000000000240e-05 1.570356949329887453e+00
3.125000000000000000e-02 5.000000000000000240e-05 1.161808503978039919e+00
2.857142857142857054e-02 5.000000000000000240e-05 8.141404750461616047e-01
2.631578947368420907e-02 5.000000000000000240e-05 5.520164402674652138e-01
2.439024390243902524e-02 5.000000000000000240e-05 3.587200557559453440e-01
2.272727272727272790e-02 5.000000000000000240e-05 2.251664193145359594e-01
2.083333333333333218e-02 5.000000000000000240e-05 1.138554205263058589e-01
1.923076923076923184e-02 5.000000000000000240e-05 5.385718794388567876e-02
1.785714285714285615e-02 5.000000000000000240e-05 2.383028232569326527e-02
1.639344262295082053e-02 5.000000000000000240e-05 7.876856547663560124e-03
1.515151515151515194e-02 5.000000000000000240e-05 2.243908244515433695e-03
1.388888888888888812e-02 5.000000000000000240e-05 3.372986551289164836e-04
1.282051282051282007e-02 5.000000000000000240e-05 9.846190997558752181e-05
1.190476190476190410e-02 5.000000000000000240e-05 2.080625086424152295e-04
1.098901098901098987e-02 5.000000000000000240e-05 2.615472472879388729e-04
1.010101010101010187e-02 5.000000000000000240e-05 3.000190093837682868e-04
