1.000000000000000021e-02 5.555555555555555768e-03 4.427960395652719670e-03
1.000000000000000021e-02 5.000000000000000104e-03 4.077187941249538726e-03
1.000000000000000021e-02 4.545454545454546101e-03 3.784065541657044389e-03
1.000000000000000021e-02 4.166666666666666609e-03 3.531645727394694314e-03
1.000000000000000021e-02 3.571428571428571751e-03 3.116132637566371415e-03
1.000000000000000021e-02 3.333333333333333547e-03 2.942843790736915290e-03
1.000000000000000021e-02 2.941176470588235253e-03 2.648086993863540961e-03
1.000000000000000021e-02 2.777777777777777884e-03 2.521740022584584556e-03
1.000000000000000021e-02 2.500000000000000052e-03 2.302043400079101070e-03
1.000000000000000021e-02 2.272727272727273051e-03 2.117590274262504124e-03
1.000000000000000021e-02 2.000000000000000042e-03 1.890512462720017476e-03
1.000000000000000021e-02 1.851851851851851923e-03 1.764481694015029942e-03
1.000000000000000021e-02 1.666666666666666774e-03 1.604235500472006581e-03
1.000000000000000021e-02 1.515151515151515150e-03 1.470850475494611675e-03
1.000000000000000021e-02 1.388888888888888942e-03 1.358108200055840832e-03
1.000000000000000021e-02 1.250000000000000026e-03 1.232400950625500658e-03
1.000000000000000021e-02 1.136363636363636525e-03 1.128215499130425046e-03
1.000000000000000021e-02 1.041666666666666652e-03 1.040466594769862141e-03
1.000000000000000021e-02 9.433962264150943470e-04 9.485057371158789547e-04
1.000000000000000021e-02 8.474576271186441516e-04 8.578336985939238228e-04
1.000000000000000021e-02 7.692307692307692301e-04 7.832421318039627838e-04
1.000000000000000021e-02 7.042253521126760939e-04 7.208037767405306223e-04
1.000000000000000021e-02 6.410256410256410251e-04 6.597022908072291752e-04
1.000000000000000021e-02 5.813953488372092943e-04 6.016902188277217789e-04
1.000000000000000021e-02 5.319148936170212854e-04 5.532846240201005905e-04
1.000000000000000021e-02 4.807692307692307959e-04 5.029933041372335999e-04
1.000000000000000021e-02 4.385964912280701836e-04 4.613278594461589716e-04
1.000000000000000021e-02 4.000000000000000192e-04 4.230388231422854369e-04
1.000000000000000021e-02 3.623188405797101493e-04 3.855127052067253363e-04
1.000000000000000021e-02 3.289473684210526242e-04 3.521584142437972353e-04
1.000000000000000021e-02 2.994011976047904157e-04 3.225329858100089769e-04
1.000000000000000021e-02 2.732240437158469943e-04 2.962112789463566820e-04
1.000000000000000021e-02 2.487562189054726754e-04 2.715450386908124791e-04
1.000000000000000021e-02 2.262443438914027243e-04 2.487964628682615359e-04
1.000000000000000021e-02 2.057613168724280065e-04 2.280528874951892550e-04
1.000000000000000021e-02 1.872659176029962621e-04 2.092851692935271402e-04
1.000000000000000021e-02 1.700680272108843691e-04 1.918024549129038192e-04
1.000000000000000021e-02 1.547987616099071300e-04 1.762547454158269744e-04
1.000000000000000021e-02 1.408450704225352188e-04 1.620255436602935362e-04
1.000000000000000021e-02 1.282051282051282050e-04 1.491186502614483430e-04
1.000000000000000021e-02 1.168224299065420609e-04 1.374813998440749306e-04
1.000000000000000021e-02 1.063829787234042679e-04 1.267966850662549823e-04
1.000000000000000021e-02 9.671179883945842538e-05 1.168882048001362915e-04
1.000000000000000021e-02 8.802816901408451174e-05 1.079832303985339638e-04
1.000000000000000021e-02 8.012820512820512814e-05 9.987509258558846254e-05
1.000000000000000021e-02 7.288629737609329329e-05 9.243664636959803005e-05
1.000000000000000021e-02 6.640106241699866992e-05 8.577070414678145127e-05
1.000000000000000021e-02 6.038647342995169607e-05 7.958387241805420773e-05
1.000000000000000021e-02 5.500550055005501069e-05 7.403975832241949378e-05
1.000000000000000021e-02 5.005005005005005233e-05 6.889209040996658576e-05
