1.111111111111111049e-01 5.000000000000000240e-05 3.241149093589919872e+00
1.000000000000000056e-01 5.000000000000000240e-05 1.011561697769601231e+01
9.090909090909091161e-02 5.000000000000000240e-05 3.533921340697396829e+00
8.333333333333332871e-02 5.000000000000000240e-05 8.526331450468134676e+00
7.692307692307692735e-02 5.000000000000000240e-05 3.791876116429255372e+00
7.142857142857142461e-02 5.000000000000000240e-05 7.271425859736546649e+00
6.666666666666666574e-02 5.000000000000000240e-05 3.976305121871100301e+00
6.250000000000000000e-02 5.000000000000000240e-05 6.239441193934289309e+00
5.555555555555555247e-02 5.000000000000000240e-05 5.365139350117625661e+00
5.263157894736841813e-02 5.000000000000000240e-05 3.929237194862023941e+00
4.761904761904761640e-02 5.000000000000000240e-05 3.682340580306177280e+00
4.347826086956521618e-02 5.000000000000000240e-05 3.331218520239510816e+00
4.000000000000000083e-02 5.000000000000000240e-05 2.922609474739961133e+00
3.703703703703703498e-02 5.000000000000000240e-05 2.497077770042927192e+00
3.448275862068965469e-02 5.000000000000000240e-05 2.084438253917063832e+00
3.125000000000000000e-02 5.000000000000000240e-05 1.535969283329472690e+00
2.857142857142857054e-02 5.000000000000000240e-05 1.075259478468344021e+00
2.631578947368420907e-02 5.000000000000000240e-05 7.264414198955774227e-01
2.439024390243902524e-02 5.000000000000000240e-05 4.720294358274267910e-01
2.272727272727272790e-02 5.000000000000000240e-05 2.951587918086858164e-01
2.083333333333333218e-02 5.000000000000000240e-05 1.488917691910752183e-01
1.923076923076923184e-02 5.000000000000000240e-05 7.028152540290247274e-02
1.785714285714285615e-02 5.000000000000000240e-05 3.106055882395813983e-02
1.639344262295082053e-02 5.000000000000000240e-05 1.019978022271453462e-02
1.515151515151515194e-02 5.000000000000000240e-05 3.043526175141816371e-03
1.388888888888888812e-02 5.000000000000000240e-05 6.382504486919700088e-04
1.282051282051282007e-02 5.000000000000000240e-05 1.349878850413945420e-04
1.190476190476190410e-02 5.000000000000000240e-05 4.630639754433383745e-05
1.098901098901098987e-02 5.000000000000000240e-05 3.088105368895720183e-05
1.010101010101010187e-02 5.000000000000000240e-05 3.424336164091314937e-05
