1.000000000000000021e-02 5.555555555555555768e-03 5.754236495949967972e-02
1.000000000000000021e-02 5.000000000000000104e-03 5.120756397047628028e-02
1.000000000000000021e-02 4.545454545454546101e-03 4.611129726457798006e-02
1.000000000000000021e-02 4.166666666666666609e-03 4.192739523352101427e-02
1.000000000000000021e-02 3.571428571428571751e-03 3.547433833930252467e-02
1.000000000000000021e-02 3.333333333333333547e-03 3.293631569703549949e-02
1.000000000000000021e-02 2.941176470588235253e-03 2.881156735848973069e-02
1.000000000000000021e-02 2.777777777777777884e-03 2.711365540652200395e-02
1.000000000000000021e-02 2.500000000000000052e-03 2.425559158226409454e-02
1.000000000000000021e-02 2.272727272727273051e-03 2.194399119248045121e-02
1.000000000000000021e-02 2.000000000000000042e-03 1.920214657855531803e-02
1.000000000000000021e-02 1.851851851851851923e-03 1.772746096068101435e-02
1.000000000000000021e-02 1.666666666666666774e-03 1.589867518979512506e-02
1.000000000000000021e-02 1.515151515151515150e-03 1.441442073535916836e-02
1.000000000000000021e-02 1.388888888888888942e-03 1.318578523380789340e-02
1.000000000000000021e-02 1.250000000000000026e-03 1.184290705412819125e-02
1.000000000000000021e-02 1.136363636363636525e-03 1.075087391345345457e-02
1.000000000000000021e-02 1.041666666666666652e-03 9.845417699239026460e-03
1.000000000000000021e-02 9.433962264150943470e-04 8.910162606606909785e-03
1.000000000000000021e-02 8.474576271186441516e-04 8.001366990120412082e-03
1.000000000000000021e-02 7.692307692307692301e-04 7.263449170722695476e-03
1.000000000000000021e-02 7.042253521126760939e-04 6.652355336601365257e-03
1.000000000000000021e-02 6.410256410256410251e-04 6.060057910772319312e-03
1.000000000000000021e-02 5.813953488372092943e-04 5.502849803814041131e-03
1.000000000000000021e-02 5.319148936170212854e-04 5.041685832925787113e-03
1.000000000000000021e-02 4.807692307692307959e-04 4.566139840710635098e-03
1.000000000000000021e-02 4.385964912280701836e-04 4.174888703618000532e-03
1.000000000000000021e-02 4.000000000000000192e-04 3.817498085839774857e-03
1.000000000000000021e-02 3.623188405797101493e-04 3.469209454547931420e-03
1.000000000000000021e-02 3.289473684210526242e-04 3.161269893403768471e-03
1.000000000000000021e-02 2.994011976047904157e-04 2.889030446043253444e-03
1.000000000000000021e-02 2.732240437158469943e-04 2.648147220487459454e-03
1.000000000000000021e-02 2.487562189054726754e-04 2.423259116126760641e-03
1.000000000000000021e-02 2.262443438914027243e-04 2.216574619024485986e-03
1.000000000000000021e-02 2.057613168724280065e-04 2.028704966570519901e-03
1.000000000000000021e-02 1.872659176029962621e-04 1.859219007244024670e-03
1.000000000000000021e-02 1.700680272108843691e-04 1.701753147030063765e-03
1.000000000000000021e-02 1.547987616099071300e-04 1.562050840020433144e-03
1.000000000000000021e-02 1.408450704225352188e-04 1.434471099071970342e-03
1.000000000000000021e-02 1.282051282051282050e-04 1.318973860157412288e-03
1.000000000000000021e-02 1.168224299065420609e-04 1.215022140649452652e-03
1.000000000000000021e-02 1.063829787234042679e-04 1.119732365578768232e-03
1.000000000000000021e-02 9.671179883945842538e-05 1.031496004938193319e-03
1.000000000000000021e-02 8.802816901408451174e-05 9.523030390640457735e-04
1.000000000000000021e-02 8.012820512820512814e-05 8.802843211000337727e-04
1.000000000000000021e-02 7.288629737609329329e-05 8.142875504990757050e-04
1.000000000000000021e-02 6.640106241699866992e-05 7.552050831628415260e-04
1.000000000000000021e-02 6.038647342995169607e-05 7.004265777090372706e-04
1.000000000000000021e-02 5.500550055005501069e-05 6.514361338667853073e-04
1.000000000000000021e-02 5.005005005005005233e-05 6.063611097779196416e-04
