1.000000000000000056e-01 5.555555555555555768e-03 1.990016626631133795e-02
1.000000000000000056e-01 5.000000000000000104e-03 1.267964179133121080e-02
1.000000000000000056e-01 4.545454545454546101e-03 1.181694647956684982e-02
1.000000000000000056e-01 4.166666666666666609e-03 9.876131756409240597e-03
1.000000000000000056e-01 3.571428571428571751e-03 7.263663730475398116e-03
1.000000000000000056e-01 3.333333333333333547e-03 6.250021406457901760e-03
1.000000000000000056e-01 2.941176470588235253e-03 4.601800600054704350e-03
1.000000000000000056e-01 2.777777777777777884e-03 3.901687667983191367e-03
1.000000000000000056e-01 2.500000000000000052e-03 2.611256413353431512e-03
1.000000000000000056e-01 2.272727272727273051e-03 1.299262790655140564e-03
1.000000000000000056e-01 2.000000000000000042e-03 1.134234519841971576e-03
1.000000000000000056e-01 1.851851851851851923e-03 3.340158978345608709e-03
1.000000000000000056e-01 1.666666666666666774e-03 7.955767523890018914e-03
1.000000000000000056e-01 1.515151515151515150e-03 1.457806498487227917e-02
1.000000000000000056e-01 1.388888888888888942e-03 2.358805881000863511e-02
1.000000000000000056e-01 1.250000000000000026e-03 3.973198877803258561e-02
1.000000000000000056e-01 1.136363636363636525e-03 6.081983573605009852e-02
1.000000000000000056e-01 1.041666666666666652e-03 8.681103099272227674e-02
1.000000000000000056e-01 9.433962264150943470e-04 1.257866094518775013e-01
1.000000000000000056e-01 8.474576271186441516e-04 1.809975830766672178e-01
1.000000000000000056e-01 7.692307692307692301e-04 2.438694771918256676e-01
1.000000000000000056e-01 7.042253521126760939e-04 3.127534326146764188e-01
1.000000000000000056e-01 6.410256410256410251e-04 3.987141143743294647e-01
1.000000000000000056e-01 5.813953488372092943e-04 5.018758044173019517e-01
1.000000000000000056e-01 5.319148936170212854e-04 6.080180786504330026e-01
1.000000000000000056e-01 4.807692307692307959e-04 7.422553722093210293e-01
1.000000000000000056e-01 4.385964912280701836e-04 8.760928720888007115e-01
1.000000000000000056e-01 4.000000000000000192e-04 1.021157005713823285e+00
1.000000000000000056e-01 3.623188405797101493e-04 1.188330989046313180e+00
1.000000000000000056e-01 3.289473684210526242e-04 1.362414091004110261e+00
1.000000000000000056e-01 2.994011976047904157e-04 1.541908374153125649e+00
1.000000000000000056e-01 2.732240437158469943e-04 1.725681308507762912e+00
1.000000000000000056e-01 2.487562189054726754e-04 1.923674273805410451e+00
1.000000000000000056e-01 2.262443438914027243e-04 2.133892407248207945e+00
1.000000000000000056e-01 2.057613168724280065e-04 2.354625243033319659e+00
1.000000000000000056e-01 1.872659176029962621e-04 2.584427242327744789e+00
1.000000000000000056e-01 1.700680272108843691e-04 2.831006002011340783e+00
1.000000000000000056e-01 1.547987616099071300e-04 3.083598880095228534e+00
1.000000000000000056e-01 1.408450704225352188e-04 3.349535278361525759e+00
1.000000000000000056e-01 1.282051282051282050e-04 3.627055499776444147e+00
1.000000000000000056e-01 1.168224299065420609e-04 3.914638069374113183e+00
1.000000000000000056e-01 1.063829787234042679e-04 4.218037262168588875e+00
1.000000000000000056e-01 9.671179883945842538e-05 4.541919579502009974e+00
1.000000000000000056e-01 8.802816901408451174e-05 4.877143483486730879e+00
1.000000000000000056e-01 8.012820512820512814e-05 5.228347398087854536e+00
1.000000000000000056e-01 7.288629737609329329e-05 5.599278438602287800e+00
1.000000000000000056e-01 6.640106241699866992e-05 5.981750639777506429e+00
1.000000000000000056e-01 6.038647342995169607e-05 6.390234132225844021e+00
1.000000000000000056e-01 5.500550055005501069e-05 6.811132036464570660e+00
1.000000000000000056e-01 5.005005005005005233e-05 7.257365347865920135e+00
