1.111111111111111049e-01 5.000000000000000104e-04 9.248586234191158439e-01
1.000000000000000056e-01 5.000000000000000104e-04 6.916834326403439315e-01
9.090909090909091161e-02 5.000000000000000104e-04 4.703960102441404056e-01
8.333333333333332871e-02 5.000000000000000104e-04 3.225201831351072745e-01
7.142857142857142461e-02 5.000000000000000104e-04 1.286118847892976924e-01
6.666666666666666574e-02 5.000000000000000104e-04 6.861190467543876181e-02
5.882352941176470507e-02 5.000000000000000104e-04 1.821953127451775983e-02
5.555555555555555247e-02 5.000000000000000104e-04 1.539320582706312120e-02
5.000000000000000278e-02 5.000000000000000104e-04 6.449688533078373406e-03
4.545454545454545581e-02 5.000000000000000104e-04 4.145498216902893281e-03
4.000000000000000083e-02 5.000000000000000104e-04 3.447350449721430735e-03
3.703703703703703498e-02 5.000000000000000104e-04 3.442363369182112765e-03
3.333333333333333287e-02 5.000000000000000104e-04 3.423667886303143754e-03
3.030303030303030387e-02 5.000000000000000104e-04 3.426666838196949869e-03
2.777777777777777624e-02 5.000000000000000104e-04 3.448493417289731373e-03
2.500000000000000139e-02 5.000000000000000104e-04 3.497166826939407044e-03
2.272727272727272790e-02 5.000000000000000104e-04 3.560664478043884702e-03
2.083333333333333218e-02 5.000000000000000104e-04 3.633710267197947427e-03
1.886792452830188607e-02 5.000000000000000104e-04 3.733415949025866050e-03
1.694915254237288130e-02 5.000000000000000104e-04 3.860125986704239422e-03
1.538461538461538547e-02 5.000000000000000104e-04 3.990597448285996239e-03
1.408450704225352144e-02 5.000000000000000104e-04 4.122352931726471284e-03
1.282051282051282007e-02 5.000000000000000104e-04 4.275772923176622553e-03
1.162790697674418589e-02 5.000000000000000104e-04 4.449143541831497226e-03
1.063829787234042527e-02 5.000000000000000104e-04 4.619429796863907742e-03
9.615384615384615918e-03 5.000000000000000104e-04 4.827228273370613720e-03
8.771929824561403022e-03 5.000000000000000104e-04 5.029123743454309327e-03
8.000000000000000167e-03 5.000000000000000104e-04 5.244436813677565319e-03
7.246376811594202987e-03 5.000000000000000104e-04 5.490133238876318371e-03
6.578947368421052266e-03 5.000000000000000104e-04 5.744805145223567944e-03
5.988023952095808747e-03 5.000000000000000104e-04 6.007181849652659320e-03
5.464480874316939886e-03 5.000000000000000104e-04 6.276184417631107404e-03
4.975124378109452641e-03 5.000000000000000104e-04 6.566728795860492067e-03
4.524886877828054703e-03 5.000000000000000104e-04 6.876131274069041503e-03
4.115226337448560021e-03 5.000000000000000104e-04 7.201972803199599774e-03
3.745318352059925134e-03 5.000000000000000104e-04 7.542113004507126905e-03
3.401360544217686948e-03 5.000000000000000104e-04 7.907939648355533438e-03
3.095975232198142600e-03 5.000000000000000104e-04 8.283427036810113442e-03
2.816901408450704376e-03 5.000000000000000104e-04 8.679390364082483281e-03
2.564102564102564100e-03 5.000000000000000104e-04 9.093154250320364257e-03
2.336448598130840947e-03 5.000000000000000104e-04 9.522389890033480103e-03
2.127659574468085141e-03 5.000000000000000104e-04 9.975640866498229967e-03
1.934235976789168291e-03 5.000000000000000104e-04 1.045985538332191989e-02
1.760563380281690181e-03 5.000000000000000104e-04 1.096133658293259837e-02
1.602564102564102509e-03 5.000000000000000104e-04 1.148698933746462175e-02
1.457725947521865866e-03 5.000000000000000104e-04 1.204240021509582828e-02
1.328021248339973344e-03 5.000000000000000104e-04 1.261528840600584234e-02
1.207729468599033759e-03 5.000000000000000104e-04 1.322731051313723837e-02
1.100110011001100051e-03 5.000000000000000104e-04 1.385807954950673236e-02
1.001001001001000992e-03 5.000000000000000104e-04 1.452694445103544160e-02
