5.000000000000000278e-02,1.000000000000000056e-01,1.676136446232142641e-01
2.500000000000000139e-02,5.000000000000000278e-02,1.379592429237194995e-01
1.666666666666666644e-02,3.333333333333333287e-02,1.184659921704834112e-01
1.250000000000000069e-02,2.500000000000000139e-02,1.032386397206305623e-01
1.000000000000000021e-02,2.000000000000000042e-02,9.165643548275741181e-02
8.333333333333333218e-03,1.666666666666666644e-02,8.220375533141030533e-02
7.142857142857142634e-03,1.428571428571428527e-02,7.490716485271860237e-02
6.250000000000000347e-03,1.250000000000000069e-02,6.869986142781524252e-02
5.555555555555555768e-03,1.111111111111111154e-02,6.333105775163226647e-02
5.000000000000000104e-03,1.000000000000000021e-02,5.890317954456378985e-02
4.545454545454545234e-03,9.090909090909090468e-03,5.512532053307816343e-02
4.166666666666666609e-03,8.333333333333333218e-03,5.172288023287426734e-02
3.846153846153846367e-03,7.692307692307692735e-03,4.869850037620546829e-02
3.571428571428571317e-03,7.142857142857142634e-03,4.605789616578630230e-02
3.333333333333333547e-03,6.666666666666667095e-03,4.370476356432290155e-02
3.125000000000000173e-03,6.250000000000000347e-03,4.155324673244105427e-02
2.941176470588235253e-03,5.882352941176470507e-03,3.963858738042321667e-02
2.777777777777777884e-03,5.555555555555555768e-03,3.786235717971196679e-02
2.631578947368420993e-03,5.263157894736841987e-03,3.623802465256575900e-02
2.500000000000000052e-03,5.000000000000000104e-03,3.478635063529625371e-02
2.380952380952381167e-03,4.761904761904762334e-03,3.396222085301239813e-02
2.272727272727272617e-03,4.545454545454545234e-03,3.214959748078102808e-02
2.173913043478260896e-03,4.347826086956521792e-03,3.099194761163774278e-02
2.083333333333333304e-03,4.166666666666666609e-03,2.991489143177426813e-02
2.000000000000000042e-03,4.000000000000000083e-03,2.889754936274356936e-02
1.923076923076923184e-03,3.846153846153846367e-03,2.796090043796960189e-02
1.851851851851851923e-03,3.703703703703703845e-03,2.707223388716015547e-02
1.785714285714285659e-03,3.571428571428571317e-03,2.624074475391436831e-02
1.724137931034482735e-03,3.448275862068965469e-03,2.546978939159441971e-02
1.666666666666666774e-03,3.333333333333333547e-03,2.473439244697132194e-02
1.612903225806451612e-03,3.225806451612903223e-03,2.403357955216561814e-02
1.562500000000000087e-03,3.125000000000000173e-03,2.338460902926943474e-02
1.515151515151515150e-03,3.030303030303030300e-03,2.276610280081637488e-02
1.470588235294117627e-03,2.941176470588235253e-03,2.217432187426974372e-02
1.428571428571428570e-03,2.857142857142857140e-03,2.161812657513078814e-02
1.388888888888888942e-03,2.777777777777777884e-03,2.108669264576453969e-02
1.351351351351351426e-03,2.702702702702702853e-03,2.058049337196964437e-02
1.315789473684210497e-03,2.631578947368420993e-03,2.010209689695240109e-02
1.282051282051282050e-03,2.564102564102564100e-03,1.964135889640556895e-02
1.250000000000000026e-03,2.500000000000000052e-03,1.919938230983715341e-02
1.219512195121951218e-03,2.439024390243902437e-03,1.878359741975728012e-02
1.190476190476190584e-03,2.380952380952381167e-03,1.866539687140772105e-02
1.162790697674418589e-03,2.325581395348837177e-03,1.799524563343396846e-02
1.136363636363636308e-03,2.272727272727272617e-03,1.762671644134302176e-02
1.111111111111111110e-03,2.222222222222222220e-03,1.727358749992722806e-02
1.086956521739130448e-03,2.173913043478260896e-03,1.693287473800539344e-02
1.063829787234042571e-03,2.127659574468085141e-03,1.660701740073607449e-02
1.041666666666666652e-03,2.083333333333333304e-03,1.629120391260430178e-02
1.020408163265306214e-03,2.040816326530612429e-03,1.623497324789424656e-02
1.000000000000000021e-03,2.000000000000000042e-03,1.569806544442585092e-02
9.803921568627450844e-04,1.960784313725490169e-03,1.541632178290642391e-02
9.615384615384615918e-04,1.923076923076923184e-03,1.514379408714673463e-02
9.433962264150943470e-04,1.886792452830188694e-03,1.488287029320104447e-02
9.259259259259259613e-04,1.851851851851851923e-03,1.462999716080634963e-02
9.090909090909090901e-04,1.818181818181818180e-03,1.438508750316135759e-02
8.928571428571428293e-04,1.785714285714285659e-03,1.414883424117498872e-02
8.771929824561403672e-04,1.754385964912280734e-03,1.391952244530318336e-02
8.620689655172413673e-04,1.724137931034482735e-03,1.369826477411474619e-02
8.474576271186440432e-04,1.694915254237288086e-03,1.348428587543584398e-02
8.333333333333333868e-04,1.666666666666666774e-03,1.327568020487301242e-02
8.196721311475409829e-04,1.639344262295081966e-03,1.307364131949910295e-02
8.064516129032258058e-04,1.612903225806451612e-03,1.287894786390661114e-02
7.936507936507936501e-04,1.587301587301587300e-03,1.268890239461445413e-02
7.812500000000000434e-04,1.562500000000000087e-03,1.250439582487115030e-02
7.692307692307692301e-04,1.538461538461538460e-03,1.232529716370111585e-02
7.575757575757575751e-04,1.515151515151515150e-03,1.215145555655821816e-02
7.462686567164179179e-04,1.492537313432835836e-03,1.198254689378959285e-02
7.352941176470588133e-04,1.470588235294117627e-03,1.181822683388271227e-02
7.246376811594202987e-04,1.449275362318840597e-03,1.165754894066471127e-02
7.142857142857142851e-04,1.428571428571428570e-03,1.150221657587524940e-02
7.042253521126760939e-04,1.408450704225352188e-03,1.135096565339358508e-02
6.944444444444444709e-04,1.388888888888888942e-03,1.120292155617115884e-02
6.849315068493150738e-04,1.369863013698630148e-03,1.105893721437958485e-02
6.756756756756757132e-04,1.351351351351351426e-03,1.091900142936669954e-02
6.666666666666666444e-04,1.333333333333333289e-03,1.078216768655116710e-02
6.578947368421052483e-04,1.315789473684210497e-03,1.064900694141127264e-02
6.493506493506493501e-04,1.298701298701298700e-03,1.051885815888226917e-02
6.410256410256410251e-04,1.282051282051282050e-03,1.039166455858551302e-02
6.329113924050633029e-04,1.265822784810126606e-03,1.026816049749530030e-02
6.250000000000000130e-04,1.250000000000000026e-03,1.014727506529283785e-02
6.172839506172839380e-04,1.234567901234567876e-03,1.002869480010158687e-02
6.097560975609756092e-04,1.219512195121951218e-03,9.913430938024608494e-03
6.024096385542169205e-04,1.204819277108433841e-03,9.949310442900739793e-03
5.952380952380952918e-04,1.190476190476190584e-03,9.837239551640059379e-03
5.882352941176470073e-04,1.176470588235294015e-03,9.582687533732160354e-03
5.813953488372092943e-04,1.162790697674418589e-03,9.477160110731049428e-03
5.747126436781609116e-04,1.149425287356321823e-03,9.373940115265872244e-03
5.681818181818181542e-04,1.136363636363636308e-03,9.273325332123555018e-03
5.617977528089888135e-04,1.123595505617977627e-03,9.313325761317169799e-03
5.555555555555555551e-04,1.111111111111111110e-03,9.077400956765777074e-03
5.494505494505494501e-04,1.098901098901098900e-03,8.983169821867599200e-03
5.434782608695652240e-04,1.086956521739130448e-03,8.890513545919142419e-03
5.376344086021505372e-04,1.075268817204301074e-03,8.799455288923434954e-03
5.319148936170212854e-04,1.063829787234042571e-03,8.710553157192045190e-03
5.263157894736841987e-04,1.052631578947368397e-03,8.623457760463233354e-03
5.208333333333333261e-04,1.041666666666666652e-03,8.537907940163399351e-03
5.154639175257732077e-04,1.030927835051546415e-03,8.454279807300043095e-03
5.102040816326531072e-04,1.020408163265306214e-03,8.498467032437659330e-03
5.050505050505050501e-04,1.010101010101010100e-03,8.291347973264690321e-03
